-------------------------------------------------------------------------------
Test set: com.example.task5.Task5ApplicationTests
-------------------------------------------------------------------------------
Tests run: 1, Failures: 0, Errors: 1, Skipped: 0, Time elapsed: 4.535 s <<< FAILURE! - in com.example.task5.Task5ApplicationTests
contextLoads  Time elapsed: 0.003 s  <<< ERROR!
java.lang.IllegalStateException: Failed to load ApplicationContext for [WebMergedContextConfiguration@2e7af36e testClass = com.example.task5.Task5ApplicationTests, locations = [], classes = [com.example.task5.Task5Application], contextInitializerClasses = [], activeProfiles = [], propertySourceLocations = [], propertySourceProperties = ["org.springframework.boot.test.context.SpringBootTestContextBootstrapper=true"], contextCustomizers = [org.springframework.boot.test.context.filter.ExcludeFilterContextCustomizer@54a7079e, org.springframework.boot.test.json.DuplicateJsonObjectContextCustomizerFactory$DuplicateJsonObjectContextCustomizer@1b11171f, org.springframework.boot.test.mock.mockito.MockitoContextCustomizer@0, org.springframework.boot.test.web.client.TestRestTemplateContextCustomizer@2d52216b, org.springframework.boot.test.autoconfigure.actuate.observability.ObservabilityContextCustomizerFactory$DisableObservabilityContextCustomizer@9da1, org.springframework.boot.test.autoconfigure.properties.PropertyMappingContextCustomizer@0, org.springframework.boot.test.autoconfigure.web.servlet.WebDriverContextCustomizerFactory$Customizer@6574a52c, org.springframework.boot.test.context.SpringBootTestAnnotation@fe85ecf5], resourceBasePath = "src/main/webapp", contextLoader = org.springframework.boot.test.context.SpringBootContextLoader, parent = null]
Caused by: org.springframework.beans.factory.UnsatisfiedDependencyException: Error creating bean with name 'serverController': Unsatisfied dependency expressed through field 'ServerRepository': Error creating bean with name 'serverRepo' defined in com.example.task5.Repository.serverRepo defined in @EnableMongoRepositories declared on MongoRepositoriesRegistrar.EnableMongoRepositoriesConfiguration: Cannot resolve reference to bean 'mongoTemplate' while setting bean property 'mongoOperations'
Caused by: org.springframework.beans.factory.BeanCreationException: Error creating bean with name 'serverRepo' defined in com.example.task5.Repository.serverRepo defined in @EnableMongoRepositories declared on MongoRepositoriesRegistrar.EnableMongoRepositoriesConfiguration: Cannot resolve reference to bean 'mongoTemplate' while setting bean property 'mongoOperations'
Caused by: org.springframework.beans.factory.UnsatisfiedDependencyException: Error creating bean with name 'mongoTemplate' defined in class path resource [org/springframework/boot/autoconfigure/data/mongo/MongoDatabaseFactoryDependentConfiguration.class]: Unsatisfied dependency expressed through method 'mongoTemplate' parameter 0: Error creating bean with name 'mongoDatabaseFactory' defined in class path resource [org/springframework/boot/autoconfigure/data/mongo/MongoDatabaseFactoryConfiguration.class]: Failed to instantiate [org.springframework.data.mongodb.core.MongoDatabaseFactorySupport]: Factory method 'mongoDatabaseFactory' threw exception with message: Database name must not contain slashes, dots, spaces, quotes, or dollar signs
Caused by: org.springframework.beans.factory.BeanCreationException: Error creating bean with name 'mongoDatabaseFactory' defined in class path resource [org/springframework/boot/autoconfigure/data/mongo/MongoDatabaseFactoryConfiguration.class]: Failed to instantiate [org.springframework.data.mongodb.core.MongoDatabaseFactorySupport]: Factory method 'mongoDatabaseFactory' threw exception with message: Database name must not contain slashes, dots, spaces, quotes, or dollar signs
Caused by: org.springframework.beans.BeanInstantiationException: Failed to instantiate [org.springframework.data.mongodb.core.MongoDatabaseFactorySupport]: Factory method 'mongoDatabaseFactory' threw exception with message: Database name must not contain slashes, dots, spaces, quotes, or dollar signs
Caused by: java.lang.IllegalArgumentException: Database name must not contain slashes, dots, spaces, quotes, or dollar signs

